{
  "stats": {
    "suites": 1,
    "tests": 1,
    "passes": 1,
    "pending": 0,
    "failures": 0,
    "start": "2020-06-21T12:05:32.201Z",
    "end": "2020-06-21T12:05:53.157Z",
    "duration": 20956,
    "testsRegistered": 1,
    "passPercent": 100,
    "pendingPercent": 0,
    "other": 0,
    "hasOther": false,
    "skipped": 0,
    "hasSkipped": false
  },
  "results": [
    {
      "uuid": "aabbf484-db0c-4e31-9af6-12da0efa4d09",
      "title": "",
      "fullFile": "cypress\\integration\\examples\\test.spec.js",
      "file": "cypress\\integration\\examples\\test.spec.js",
      "beforeHooks": [],
      "afterHooks": [],
      "tests": [],
      "suites": [
        {
          "uuid": "c82c3ecc-835d-406b-8639-725771ecf2b7",
          "title": "suitename - cypress hooks",
          "fullFile": "",
          "file": "",
          "beforeHooks": [],
          "afterHooks": [],
          "tests": [
            {
              "title": "visit App - first test script",
              "fullTitle": "suitename - cypress hooks visit App - first test script",
              "timedOut": null,
              "duration": 15354,
              "state": "passed",
              "speed": "slow",
              "pass": true,
              "fail": false,
              "pending": false,
              "context": null,
              "code": "objt.visit();\nobjt.enterdetails();",
              "err": {},
              "uuid": "084a59ce-ac30-4b3e-aefb-dfeda267c5d9",
              "parentUUID": "c82c3ecc-835d-406b-8639-725771ecf2b7",
              "isHook": false,
              "skipped": false
            }
          ],
          "suites": [],
          "passes": [
            "084a59ce-ac30-4b3e-aefb-dfeda267c5d9"
          ],
          "failures": [],
          "pending": [],
          "skipped": [],
          "duration": 15354,
          "root": false,
          "rootEmpty": false,
          "_timeout": 2000
        }
      ],
      "passes": [],
      "failures": [],
      "pending": [],
      "skipped": [],
      "duration": 0,
      "root": true,
      "rootEmpty": true,
      "_timeout": 2000
    }
  ],
  "meta": {
    "mocha": {
      "version": "7.0.1"
    },
    "mochawesome": {
      "options": {
        "quiet": false,
        "reportFilename": "mochawesome",
        "saveHtml": true,
        "saveJson": true,
        "consoleReporter": "spec",
        "useInlineDiffs": false,
        "code": true
      },
      "version": "6.1.1"
    },
    "marge": {
      "options": null,
      "version": "5.1.0"
    }
  }
}